<?xml version="1.0" encoding="UTF-8"?>
<!-- Generated by org.testng.reporters.JUnitReportReporter -->
<testsuite hostname="DESKTOP-KH4GTO1" failures="0" tests="1" name="project.Register_duplicate$Register" time="2.973" errors="0" timestamp="2024-09-12T10:19:46 NPT" skipped="0">
  <testcase classname="project.Register_duplicate$Register" name="CreateAccount" time="2.973"/>
  <system-out/>
</testsuite> <!-- project.Register_duplicate$Register -->
