<?xml version="1.0" encoding="UTF-8"?>
<!-- Generated by org.testng.reporters.JUnitReportReporter -->
<testsuite hostname="DESKTOP-KH4GTO1" failures="0" tests="1" name="project.forgot_password" time="5.119" errors="0" timestamp="2024-09-12T10:15:30 NPT" skipped="0">
  <testcase classname="project.forgot_password" name="password_info" time="5.119"/>
  <system-out/>
</testsuite> <!-- project.forgot_password -->
