<?xml version="1.0" encoding="UTF-8"?>
<!-- Generated by org.testng.reporters.JUnitReportReporter -->
<testsuite hostname="DESKTOP-KH4GTO1" failures="0" tests="1" name="project.Setup" time="10.229" errors="0" timestamp="2024-08-29T19:50:09 NPT" skipped="0">
  <testcase classname="project.Setup" name="browseropen" time="10.229"/>
  <system-out/>
</testsuite> <!-- project.Setup -->
