<?xml version="1.0" encoding="UTF-8"?>
<!-- Generated by org.testng.reporters.JUnitReportReporter -->
<testsuite hostname="DESKTOP-KH4GTO1" failures="0" tests="1" name="project.Register" time="4.659" errors="0" timestamp="2024-09-15T21:23:58 NPT" skipped="0">
  <testcase classname="project.Register" name="CreateAccount" time="4.659"/>
  <system-out/>
</testsuite> <!-- project.Register -->
